<?xml version="1.0" encoding="UTF-8"?>
<!-- Generated by org.testng.reporters.JUnitXMLReporter -->
<testsuite ignored="0" hostname="DESKTOP-DB6NLOV" failures="1" tests="1" name="Test" time="2.241" errors="0" timestamp="2024-06-24T15:54:21 IST">
  <testcase classname="com.rameshsoft.automation.businessscript.GmailPomTest" name="gmailTest" time="2.018">
    <failure type="java.lang.NullPointerException" message="Cannot invoke &amp;quot;com.relevantcodes.extentreports.ExtentTest.log(com.relevantcodes.extentreports.LogStatus, String)&amp;quot; because the return value of &amp;quot;com.automation.base.ActionEngine.getExtentTest()&amp;quot; is null">
      <![CDATA[java.lang.NullPointerException: Cannot invoke "com.relevantcodes.extentreports.ExtentTest.log(com.relevantcodes.extentreports.LogStatus, String)" because the return value of "com.automation.base.ActionEngine.getExtentTest()" is null
at com.automation.base.ActionEngine.enterUrl(ActionEngine.java:27)
at com.rameshsoft.automation.businessscript.GmailPomTest.gmailTest(GmailPomTest.java:18)
at java.base/java.util.ArrayList.forEach(ArrayList.java:1511)
... Removed 27 stack frames]]>
    </failure>
  </testcase> <!-- gmailTest -->
</testsuite> <!-- Test -->
